# JRE version: OpenJDK Runtime Environment Microsoft-11369940 (21.0.7+6) (build 21.0.7+6-LTS)
# Java VM: OpenJDK 64-Bit Server VM Microsoft-11369940 (21.0.7+6-LTS, mixed mode, sharing, tiered, compressed oops, compressed class ptrs, g1 gc, windows-amd64)
GC Precious Log:
 CardTable entry size: 512
 Card Set container configuration: InlinePtr #cards 4 size 8 Array Of Cards #cards 16 size 48 Howl #buckets 8 coarsen threshold 3686 Howl Bitmap #cards 512 size 80 coarsen threshold 460 Card regions per heap region 1 cards per card region 4096
 CPUs: 16 total, 16 available
 Memory: 16305M
 Large Page Support: Disabled
 NUMA Support: Disabled
 Compressed Oops: Enabled (Zero based)
 Heap Region Size: 2M
 Heap Min Capacity: 8M
 Heap Initial Capacity: 256M
 Heap Max Capacity: 4078M
 Pre-touch: Disabled
 Parallel Workers: 13
 Concurrent Workers: 3
 Concurrent Refinement Workers: 13
 Periodic GC: Disabled
Heap:
 garbage-first heap   total 331776K, used 287860K [0x0000000701200000, 0x0000000800000000)
  region size 2048K, 11 young (22528K), 2 survivors (4096K)
 Metaspace       used 10682K, committed 10944K, reserved 1114112K
  class space    used 772K, committed 896K, reserved 1048576K
GC Heap History (20 events):
Event: 258.656 GC heap after
{Heap after GC invocations=28 (full 0):
 garbage-first heap   total 290816K, used 209759K [0x0000000701200000, 0x0000000800000000)
  region size 2048K, 3 young (6144K), 3 survivors (6144K)
 Metaspace       used 10682K, committed 10944K, reserved 1114112K
  class space    used 772K, committed 896K, reserved 1048576K
}
Event: 266.825 GC heap before
{Heap before GC invocations=28 (full 0):
 garbage-first heap   total 290816K, used 234335K [0x0000000701200000, 0x0000000800000000)
  region size 2048K, 15 young (30720K), 3 survivors (6144K)
 Metaspace       used 10682K, committed 10944K, reserved 1114112K
  class space    used 772K, committed 896K, reserved 1048576K
}
Event: 266.856 GC heap after
{Heap after GC invocations=29 (full 0):
 garbage-first heap   total 290816K, used 225280K [0x0000000701200000, 0x0000000800000000)
  region size 2048K, 2 young (4096K), 2 survivors (4096K)
 Metaspace       used 10682K, committed 10944K, reserved 1114112K
  class space    used 772K, committed 896K, reserved 1048576K
}
Event: 271.319 GC heap before
{Heap before GC invocations=30 (full 0):
 garbage-first heap   total 331776K, used 210944K [0x0000000701200000, 0x0000000800000000)
  region size 2048K, 8 young (16384K), 2 survivors (4096K)
 Metaspace       used 10682K, committed 10944K, reserved 1114112K
  class space    used 772K, committed 896K, reserved 1048576K
}
Event: 271.336 GC heap after
{Heap after GC invocations=31 (full 0):
 garbage-first heap   total 331776K, used 204669K [0x0000000701200000, 0x0000000800000000)
  region size 2048K, 1 young (2048K), 1 survivors (2048K)
 Metaspace       used 10682K, committed 10944K, reserved 1114112K
  class space    used 772K, committed 896K, reserved 1048576K
}
Event: 287.916 GC heap before
{Heap before GC invocations=31 (full 0):
 garbage-first heap   total 331776K, used 251773K [0x0000000701200000, 0x0000000800000000)
  region size 2048K, 24 young (49152K), 1 survivors (2048K)
 Metaspace       used 10682K, committed 10944K, reserved 1114112K
  class space    used 772K, committed 896K, reserved 1048576K
}
Event: 287.979 GC heap after
{Heap after GC invocations=32 (full 0):
 garbage-first heap   total 331776K, used 209915K [0x0000000701200000, 0x0000000800000000)
  region size 2048K, 3 young (6144K), 3 survivors (6144K)
 Metaspace       used 10682K, committed 10944K, reserved 1114112K
  class space    used 772K, committed 896K, reserved 1048576K
}
Event: 302.140 GC heap before
{Heap before GC invocations=32 (full 0):
 garbage-first heap   total 331776K, used 250875K [0x0000000701200000, 0x0000000800000000)
  region size 2048K, 23 young (47104K), 3 survivors (6144K)
 Metaspace       used 10682K, committed 10944K, reserved 1114112K
  class space    used 772K, committed 896K, reserved 1048576K
}
Event: 302.190 GC heap after
{Heap after GC invocations=33 (full 0):
 garbage-first heap   total 331776K, used 206357K [0x0000000701200000, 0x0000000800000000)
  region size 2048K, 3 young (6144K), 3 survivors (6144K)
 Metaspace       used 10682K, committed 10944K, reserved 1114112K
  class space    used 772K, committed 896K, reserved 1048576K
}
Event: 317.007 GC heap before
{Heap before GC invocations=33 (full 0):
 garbage-first heap   total 331776K, used 249365K [0x0000000701200000, 0x0000000800000000)
  region size 2048K, 24 young (49152K), 3 survivors (6144K)
 Metaspace       used 10682K, committed 10944K, reserved 1114112K
  class space    used 772K, committed 896K, reserved 1048576K
}
Event: 317.064 GC heap after
{Heap after GC invocations=34 (full 0):
 garbage-first heap   total 331776K, used 204800K [0x0000000701200000, 0x0000000800000000)
  region size 2048K, 3 young (6144K), 3 survivors (6144K)
 Metaspace       used 10682K, committed 10944K, reserved 1114112K
  class space    used 772K, committed 896K, reserved 1048576K
}
Event: 332.454 GC heap before
{Heap before GC invocations=34 (full 0):
 garbage-first heap   total 331776K, used 247808K [0x0000000701200000, 0x0000000800000000)
  region size 2048K, 24 young (49152K), 3 survivors (6144K)
 Metaspace       used 10682K, committed 10944K, reserved 1114112K
  class space    used 772K, committed 896K, reserved 1048576K
}
Event: 332.509 GC heap after
{Heap after GC invocations=35 (full 0):
 garbage-first heap   total 331776K, used 205661K [0x0000000701200000, 0x0000000800000000)
  region size 2048K, 3 young (6144K), 3 survivors (6144K)
 Metaspace       used 10682K, committed 10944K, reserved 1114112K
  class space    used 772K, committed 896K, reserved 1048576K
}
Event: 346.620 GC heap before
{Heap before GC invocations=35 (full 0):
 garbage-first heap   total 331776K, used 246621K [0x0000000701200000, 0x0000000800000000)
  region size 2048K, 23 young (47104K), 3 survivors (6144K)
 Metaspace       used 10682K, committed 10944K, reserved 1114112K
  class space    used 772K, committed 896K, reserved 1048576K
}
Event: 346.676 GC heap after
{Heap after GC invocations=36 (full 0):
 garbage-first heap   total 331776K, used 235520K [0x0000000701200000, 0x0000000800000000)
  region size 2048K, 3 young (6144K), 3 survivors (6144K)
 Metaspace       used 10682K, committed 10944K, reserved 1114112K
  class space    used 772K, committed 896K, reserved 1048576K
}
Event: 357.511 GC heap before
{Heap before GC invocations=36 (full 0):
 garbage-first heap   total 331776K, used 266240K [0x0000000701200000, 0x0000000800000000)
  region size 2048K, 18 young (36864K), 3 survivors (6144K)
 Metaspace       used 10682K, committed 10944K, reserved 1114112K
  class space    used 772K, committed 896K, reserved 1048576K
}
Event: 357.551 GC heap after
{Heap after GC invocations=37 (full 0):
 garbage-first heap   total 331776K, used 254748K [0x0000000701200000, 0x0000000800000000)
  region size 2048K, 3 young (6144K), 3 survivors (6144K)
 Metaspace       used 10682K, committed 10944K, reserved 1114112K
  class space    used 772K, committed 896K, reserved 1048576K
}
Event: 366.230 GC heap before
{Heap before GC invocations=37 (full 0):
 garbage-first heap   total 331776K, used 279324K [0x0000000701200000, 0x0000000800000000)
  region size 2048K, 15 young (30720K), 3 survivors (6144K)
 Metaspace       used 10682K, committed 10944K, reserved 1114112K
  class space    used 772K, committed 896K, reserved 1048576K
}
Event: 366.263 GC heap after
{Heap after GC invocations=38 (full 0):
 garbage-first heap   total 331776K, used 269428K [0x0000000701200000, 0x0000000800000000)
  region size 2048K, 2 young (4096K), 2 survivors (4096K)
 Metaspace       used 10682K, committed 10944K, reserved 1114112K
  class space    used 772K, committed 896K, reserved 1048576K
}
Event: 372.869 GC heap before
{Heap before GC invocations=38 (full 0):
 garbage-first heap   total 331776K, used 287860K [0x0000000701200000, 0x0000000800000000)
  region size 2048K, 11 young (22528K), 2 survivors (4096K)
 Metaspace       used 10682K, committed 10944K, reserved 1114112K
  class space    used 772K, committed 896K, reserved 1048576K
}

