# JRE version: OpenJDK Runtime Environment Microsoft-11369940 (21.0.7+6) (build 21.0.7+6-LTS)
# Java VM: OpenJDK 64-Bit Server VM Microsoft-11369940 (21.0.7+6-LTS, mixed mode, sharing, tiered, compressed oops, compressed class ptrs, g1 gc, windows-amd64)
GC Precious Log:
 CardTable entry size: 512
 Card Set container configuration: InlinePtr #cards 4 size 8 Array Of Cards #cards 16 size 48 Howl #buckets 8 coarsen threshold 3686 Howl Bitmap #cards 512 size 80 coarsen threshold 460 Card regions per heap region 1 cards per card region 4096
 CPUs: 16 total, 16 available
 Memory: 16305M
 Large Page Support: Disabled
 NUMA Support: Disabled
 Compressed Oops: Enabled (Zero based)
 Heap Region Size: 2M
 Heap Min Capacity: 8M
 Heap Initial Capacity: 256M
 Heap Max Capacity: 4078M
 Pre-touch: Disabled
 Parallel Workers: 13
 Concurrent Workers: 3
 Concurrent Refinement Workers: 13
 Periodic GC: Disabled
Heap:
 garbage-first heap   total 362496K, used 288768K [0x0000000701200000, 0x0000000800000000)
  region size 2048K, 20 young (40960K), 3 survivors (6144K)
 Metaspace       used 10753K, committed 11008K, reserved 1114112K
  class space    used 783K, committed 896K, reserved 1048576K
GC Heap History (20 events):
Event: 277.608 GC heap after
{Heap after GC invocations=27 (full 0):
 garbage-first heap   total 311296K, used 189920K [0x0000000701200000, 0x0000000800000000)
  region size 2048K, 3 young (6144K), 3 survivors (6144K)
 Metaspace       used 10753K, committed 11008K, reserved 1114112K
  class space    used 783K, committed 896K, reserved 1048576K
}
Event: 292.477 GC heap before
{Heap before GC invocations=27 (full 0):
 garbage-first heap   total 311296K, used 230880K [0x0000000701200000, 0x0000000800000000)
  region size 2048K, 23 young (47104K), 3 survivors (6144K)
 Metaspace       used 10753K, committed 11008K, reserved 1114112K
  class space    used 783K, committed 896K, reserved 1048576K
}
Event: 292.531 GC heap after
{Heap after GC invocations=28 (full 0):
 garbage-first heap   total 311296K, used 202540K [0x0000000701200000, 0x0000000800000000)
  region size 2048K, 3 young (6144K), 3 survivors (6144K)
 Metaspace       used 10753K, committed 11008K, reserved 1114112K
  class space    used 783K, committed 896K, reserved 1048576K
}
Event: 304.376 GC heap before
{Heap before GC invocations=28 (full 0):
 garbage-first heap   total 311296K, used 237356K [0x0000000701200000, 0x0000000800000000)
  region size 2048K, 20 young (40960K), 3 survivors (6144K)
 Metaspace       used 10753K, committed 11008K, reserved 1114112K
  class space    used 783K, committed 896K, reserved 1048576K
}
Event: 304.422 GC heap after
{Heap after GC invocations=29 (full 0):
 garbage-first heap   total 311296K, used 226888K [0x0000000701200000, 0x0000000800000000)
  region size 2048K, 3 young (6144K), 3 survivors (6144K)
 Metaspace       used 10753K, committed 11008K, reserved 1114112K
  class space    used 783K, committed 896K, reserved 1048576K
}
Event: 313.330 GC heap before
{Heap before GC invocations=29 (full 0):
 garbage-first heap   total 311296K, used 253512K [0x0000000701200000, 0x0000000800000000)
  region size 2048K, 16 young (32768K), 3 survivors (6144K)
 Metaspace       used 10753K, committed 11008K, reserved 1114112K
  class space    used 783K, committed 896K, reserved 1048576K
}
Event: 313.367 GC heap after
{Heap after GC invocations=30 (full 0):
 garbage-first heap   total 311296K, used 244369K [0x0000000701200000, 0x0000000800000000)
  region size 2048K, 2 young (4096K), 2 survivors (4096K)
 Metaspace       used 10753K, committed 11008K, reserved 1114112K
  class space    used 783K, committed 896K, reserved 1048576K
}
Event: 317.550 GC heap before
{Heap before GC invocations=31 (full 0):
 garbage-first heap   total 362496K, used 227985K [0x0000000701200000, 0x0000000800000000)
  region size 2048K, 8 young (16384K), 2 survivors (4096K)
 Metaspace       used 10753K, committed 11008K, reserved 1114112K
  class space    used 783K, committed 896K, reserved 1048576K
}
Event: 317.566 GC heap after
{Heap after GC invocations=32 (full 0):
 garbage-first heap   total 362496K, used 222120K [0x0000000701200000, 0x0000000800000000)
  region size 2048K, 1 young (2048K), 1 survivors (2048K)
 Metaspace       used 10753K, committed 11008K, reserved 1114112K
  class space    used 783K, committed 896K, reserved 1048576K
}
Event: 335.757 GC heap before
{Heap before GC invocations=32 (full 0):
 garbage-first heap   total 362496K, used 273320K [0x0000000701200000, 0x0000000800000000)
  region size 2048K, 26 young (53248K), 1 survivors (2048K)
 Metaspace       used 10753K, committed 11008K, reserved 1114112K
  class space    used 783K, committed 896K, reserved 1048576K
}
Event: 335.829 GC heap after
{Heap after GC invocations=33 (full 0):
 garbage-first heap   total 362496K, used 227798K [0x0000000701200000, 0x0000000800000000)
  region size 2048K, 4 young (8192K), 4 survivors (8192K)
 Metaspace       used 10753K, committed 11008K, reserved 1114112K
  class space    used 783K, committed 896K, reserved 1048576K
}
Event: 351.529 GC heap before
{Heap before GC invocations=33 (full 0):
 garbage-first heap   total 362496K, used 272854K [0x0000000701200000, 0x0000000800000000)
  region size 2048K, 26 young (53248K), 4 survivors (8192K)
 Metaspace       used 10753K, committed 11008K, reserved 1114112K
  class space    used 783K, committed 896K, reserved 1048576K
}
Event: 351.578 GC heap after
{Heap after GC invocations=34 (full 0):
 garbage-first heap   total 362496K, used 221184K [0x0000000701200000, 0x0000000800000000)
  region size 2048K, 4 young (8192K), 4 survivors (8192K)
 Metaspace       used 10753K, committed 11008K, reserved 1114112K
  class space    used 783K, committed 896K, reserved 1048576K
}
Event: 368.192 GC heap before
{Heap before GC invocations=34 (full 0):
 garbage-first heap   total 362496K, used 270336K [0x0000000701200000, 0x0000000800000000)
  region size 2048K, 28 young (57344K), 4 survivors (8192K)
 Metaspace       used 10753K, committed 11008K, reserved 1114112K
  class space    used 783K, committed 896K, reserved 1048576K
}
Event: 368.261 GC heap after
{Heap after GC invocations=35 (full 0):
 garbage-first heap   total 362496K, used 221184K [0x0000000701200000, 0x0000000800000000)
  region size 2048K, 4 young (8192K), 4 survivors (8192K)
 Metaspace       used 10753K, committed 11008K, reserved 1114112K
  class space    used 783K, committed 896K, reserved 1048576K
}
Event: 385.668 GC heap before
{Heap before GC invocations=35 (full 0):
 garbage-first heap   total 362496K, used 270336K [0x0000000701200000, 0x0000000800000000)
  region size 2048K, 28 young (57344K), 4 survivors (8192K)
 Metaspace       used 10753K, committed 11008K, reserved 1114112K
  class space    used 783K, committed 896K, reserved 1048576K
}
Event: 385.734 GC heap after
{Heap after GC invocations=36 (full 0):
 garbage-first heap   total 362496K, used 219944K [0x0000000701200000, 0x0000000800000000)
  region size 2048K, 4 young (8192K), 4 survivors (8192K)
 Metaspace       used 10753K, committed 11008K, reserved 1114112K
  class space    used 783K, committed 896K, reserved 1048576K
}
Event: 402.349 GC heap before
{Heap before GC invocations=36 (full 0):
 garbage-first heap   total 362496K, used 269096K [0x0000000701200000, 0x0000000800000000)
  region size 2048K, 28 young (57344K), 4 survivors (8192K)
 Metaspace       used 10753K, committed 11008K, reserved 1114112K
  class space    used 783K, committed 896K, reserved 1048576K
}
Event: 402.417 GC heap after
{Heap after GC invocations=37 (full 0):
 garbage-first heap   total 362496K, used 253952K [0x0000000701200000, 0x0000000800000000)
  region size 2048K, 4 young (8192K), 4 survivors (8192K)
 Metaspace       used 10753K, committed 11008K, reserved 1114112K
  class space    used 783K, committed 896K, reserved 1048576K
}
Event: 415.072 GC heap before
{Heap before GC invocations=37 (full 0):
 garbage-first heap   total 362496K, used 288768K [0x0000000701200000, 0x0000000800000000)
  region size 2048K, 21 young (43008K), 4 survivors (8192K)
 Metaspace       used 10753K, committed 11008K, reserved 1114112K
  class space    used 783K, committed 896K, reserved 1048576K
}

